<?xml version="1.0" encoding="UTF-8"?>
<!-- Generated by org.testng.reporters.JUnitReportReporter -->
<testsuite hostname="DESKTOP-VI456PS" failures="0" tests="2" name="fundModule.VerifyUserCanAddFund" time="23.454" errors="0" timestamp="2022-12-06T21:19:25 IST" skipped="0">
  <testcase classname="fundModule.VerifyUserCanAddFund" name="VerifyUserCanLogin" time="12.279"/>
  <system-out/>
  <testcase classname="fundModule.VerifyUserCanAddFund" name="VerifyUserCanAddFunds" time="11.175"/>
  <system-out/>
</testsuite> <!-- fundModule.VerifyUserCanAddFund -->
