<?xml version="1.0" encoding="UTF-8"?>
<!-- Generated by org.testng.reporters.JUnitReportReporter -->
<testsuite hostname="DESKTOP-VI456PS" failures="0" tests="2" name="fundModule.VerifyUserCanAddStockInWatchlist" time="15.066" errors="0" timestamp="2022-12-14T22:33:00 IST" skipped="0">
  <testcase classname="fundModule.VerifyUserCanAddStockInWatchlist" name="VerifyUserCanLogin" time="11.293"/>
  <system-out/>
  <testcase classname="fundModule.VerifyUserCanAddStockInWatchlist" name="VerifyUserCanAddStock" time="3.773"/>
  <system-out/>
</testsuite> <!-- fundModule.VerifyUserCanAddStockInWatchlist -->
